<!DOCTYPE html>
<html>
  <head>
    <meta charset="utf-8"/>
    <title id="head-title">23-01-2025_10-26-12.html</title>
      <link href="assets\style.css" rel="stylesheet" type="text/css"/>
  </head>
  <body>
    <h1 id="title">23-01-2025_10-26-12.html</h1>
    <p>Report generated on 23-Jan-2025 at 10:31:27 by <a href="https://pypi.python.org/pypi/pytest-html">pytest-html</a>
        v4.1.1</p>
    <div id="environment-header">
      <h2>Environment</h2>
    </div>
    <table id="environment"></table>
    <!-- TEMPLATES -->
      <template id="template_environment_row">
      <tr>
        <td></td>
        <td></td>
      </tr>
    </template>
    <template id="template_results-table__body--empty">
      <tbody class="results-table-row">
        <tr id="not-found-message">
          <td colspan="4">No results found. Check the filters.</th>
        </tr>
    </template>
    <template id="template_results-table__tbody">
      <tbody class="results-table-row">
        <tr class="collapsible">
        </tr>
        <tr class="extras-row">
          <td class="extra" colspan="4">
            <div class="extraHTML"></div>
            <div class="media">
              <div class="media-container">
                  <div class="media-container__nav--left"><</div>
                  <div class="media-container__viewport">
                    <img src="" />
                    <video controls>
                      <source src="" type="video/mp4">
                    </video>
                  </div>
                  <div class="media-container__nav--right">></div>
                </div>
                <div class="media__name"></div>
                <div class="media__counter"></div>
            </div>
            <div class="logwrapper">
              <div class="logexpander"></div>
              <div class="log"></div>
            </div>
          </td>
        </tr>
      </tbody>
    </template>
    <!-- END TEMPLATES -->
    <div class="summary">
      <div class="summary__data">
        <h2>Summary</h2>
        <div class="additional-summary prefix">
        </div>
        <p class="run-count">18 tests took 00:11:57.</p>
        <p class="filter">(Un)check the boxes to filter the results.</p>
        <div class="summary__reload">
          <div class="summary__reload__button hidden" onclick="location.reload()">
            <div>There are still tests running. <br />Reload this page to get the latest results!</div>
          </div>
        </div>
        <div class="summary__spacer"></div>
        <div class="controls">
          <div class="filters">
            <input checked="true" class="filter" name="filter_checkbox" type="checkbox" data-test-result="failed" />
            <span class="failed">3 Failed,</span>
            <input checked="true" class="filter" name="filter_checkbox" type="checkbox" data-test-result="passed" />
            <span class="passed">15 Passed,</span>
            <input checked="true" class="filter" name="filter_checkbox" type="checkbox" data-test-result="skipped" disabled/>
            <span class="skipped">0 Skipped,</span>
            <input checked="true" class="filter" name="filter_checkbox" type="checkbox" data-test-result="xfailed" disabled/>
            <span class="xfailed">0 Expected failures,</span>
            <input checked="true" class="filter" name="filter_checkbox" type="checkbox" data-test-result="xpassed" disabled/>
            <span class="xpassed">0 Unexpected passes,</span>
            <input checked="true" class="filter" name="filter_checkbox" type="checkbox" data-test-result="error" />
            <span class="error">1 Errors,</span>
            <input checked="true" class="filter" name="filter_checkbox" type="checkbox" data-test-result="rerun" disabled/>
            <span class="rerun">0 Reruns</span>
          </div>
          <div class="collapse">
            <button id="show_all_details">Show all details</button>&nbsp;/&nbsp;<button id="hide_all_details">Hide all details</button>
          </div>
        </div>
      </div>
      <div class="additional-summary summary">
      </div>
      <div class="additional-summary postfix">
      </div>
    </div>
    <table id="results-table">
      <thead id="results-table-head">
        <tr>
          <th class="sortable" data-column-type="result">Result</th>
          <th class="sortable" data-column-type="testId">Test</th>
          <th class="sortable" data-column-type="duration">Duration</th>
          <th>Links</th>
        </tr>
      </thead>
    </table>
  </body>
  <footer>
    <div id="data-container" data-jsonblob="{&#34;environment&#34;: {&#34;Python&#34;: &#34;3.11.3&#34;, &#34;Platform&#34;: &#34;Windows-10-10.0.22621-SP0&#34;, &#34;Packages&#34;: {&#34;pytest&#34;: &#34;8.3.4&#34;, &#34;pluggy&#34;: &#34;1.5.0&#34;}, &#34;Plugins&#34;: {&#34;allure-pytest&#34;: &#34;2.13.5&#34;, &#34;html&#34;: &#34;4.1.1&#34;, &#34;metadata&#34;: &#34;3.1.1&#34;, &#34;ordering&#34;: &#34;0.6&#34;, &#34;xdist&#34;: &#34;3.6.1&#34;}}, &#34;tests&#34;: {&#34;testCases/test_search.py::TestAmazonSearchBar::test_search_suggestions[Iphone 15]&#34;: [{&#34;extras&#34;: [], &#34;result&#34;: &#34;Failed&#34;, &#34;testId&#34;: &#34;testCases/test_search.py::TestAmazonSearchBar::test_search_suggestions[Iphone 15]&#34;, &#34;duration&#34;: &#34;00:00:40&#34;, &#34;resultsTableRow&#34;: [&#34;&lt;td class=\&#34;col-result\&#34;&gt;Failed&lt;/td&gt;&#34;, &#34;&lt;td class=\&#34;col-testId\&#34;&gt;testCases/test_search.py::TestAmazonSearchBar::test_search_suggestions[Iphone 15]&lt;/td&gt;&#34;, &#34;&lt;td class=\&#34;col-duration\&#34;&gt;00:00:40&lt;/td&gt;&#34;, &#34;&lt;td class=\&#34;col-links\&#34;&gt;&lt;/td&gt;&#34;], &#34;log&#34;: &#34;[gw0] win32 -- Python 3.11.3 C:\\Users\\sb31003\\.virtualenvs\\Amazon\\Scripts\\python.exe\n\nself = &amp;lt;testCases.test_search.TestAmazonSearchBar object at 0x0000014BBF18B650&amp;gt;, setup = &amp;lt;selenium.webdriver.chrome.webdriver.WebDriver (session=&amp;quot;35b4a1457b56bff8d8b02f2431a2b3e6&amp;quot;)&amp;gt;\ntext_string = &amp;#x27;Iphone 15&amp;#x27;\n\n    @pytest.mark.sahil\n    @pytest.mark.smoke\n    @pytest.mark.regression\n    @pytest.mark.run(priority=1)  # Highest priority\n    @pytest.mark.parametrize(&amp;quot;text_string&amp;quot;, [&amp;#x27;Iphone 15&amp;#x27;])\n    def test_search_suggestions(self, setup, text_string):\n        self.driver = setup\n        search_page = SearchBarPage(self.driver)\n        search_page.enter_search_text(text_string)  # Pass text_string here\n        suggestions = search_page.fetch_suggestions()\n        assert len(suggestions) &amp;gt; 0, &amp;quot;Suggestions were not fetched for a valid search input.&amp;quot;\n    \n        failure_messages = []\n        for text in suggestions:\n            try:\n                if text_string.lower() not in text.lower():\n                    failure_messages.append(f&amp;quot;Wrong suggestion in search bar, fetched suggestion is: {text}&amp;quot;)\n            except AssertionError as e:\n                failure_messages.append(str(e))\n    \n        if failure_messages:\n            logger.error(&amp;quot;\\n&amp;quot;.join(failure_messages))\n&amp;gt;           assert False, &amp;quot;One or more wrong suggestions found. Check the logs for details.&amp;quot;\nE           AssertionError: One or more wrong suggestions found. Check the logs for details.\nE           assert False\n\ntestCases\\test_search.py:32: AssertionError\n\n------------------------------ Captured log setup ------------------------------\nINFO     root:conftest.py:41 Setting up the WebDriver environment...\nINFO     root:conftest.py:47 WebDriver setup completed successfully.\n\n------------------------------ Captured log call -------------------------------\nINFO     root:search_bar_page.py:40 Total number of elements found in search suggestions: 10\nWARNING  root:search_bar_page.py:66 StaleElementReferenceException on attempt 1. Retrying...\nWARNING  root:search_bar_page.py:66 StaleElementReferenceException on attempt 1. Retrying...\nERROR    root:test_search.py:31 Wrong suggestion in search bar, fetched suggestion is: iphone 13 128+gb\nWrong suggestion in search bar, fetched suggestion is: iphone 13 128gb\n\n---------------------------- Captured log teardown -----------------------------\nINFO     root:conftest.py:56 Tearing down the WebDriver environment...&#34;}], &#34;testCases/test_search.py::TestAmazonSearchBar::test_empty_search_input&#34;: [{&#34;extras&#34;: [], &#34;result&#34;: &#34;Passed&#34;, &#34;testId&#34;: &#34;testCases/test_search.py::TestAmazonSearchBar::test_empty_search_input&#34;, &#34;duration&#34;: &#34;00:00:45&#34;, &#34;resultsTableRow&#34;: [&#34;&lt;td class=\&#34;col-result\&#34;&gt;Passed&lt;/td&gt;&#34;, &#34;&lt;td class=\&#34;col-testId\&#34;&gt;testCases/test_search.py::TestAmazonSearchBar::test_empty_search_input&lt;/td&gt;&#34;, &#34;&lt;td class=\&#34;col-duration\&#34;&gt;00:00:45&lt;/td&gt;&#34;, &#34;&lt;td class=\&#34;col-links\&#34;&gt;&lt;/td&gt;&#34;], &#34;log&#34;: &#34;[gw1] win32 -- Python 3.11.3 C:\\Users\\sb31003\\.virtualenvs\\Amazon\\Scripts\\python.exe\n\n------------------------------ Captured log setup ------------------------------\nINFO     root:conftest.py:41 Setting up the WebDriver environment...\nINFO     root:conftest.py:47 WebDriver setup completed successfully.\n\n------------------------------ Captured log call -------------------------------\nERROR    root:Base_page.py:31 Timeout waiting for elements xpath=&amp;#x27;//div[@class=&amp;quot;left-pane-results-container&amp;quot;]/div&amp;#x27;.\nINFO     root:search_bar_page.py:40 Total number of elements found in search suggestions: 0\n\n---------------------------- Captured log teardown -----------------------------\nINFO     root:conftest.py:56 Tearing down the WebDriver environment...&#34;}], &#34;testCases/test_search.py::TestAmazonSearchBar::test_valid_search_input[Iphone 15]&#34;: [{&#34;extras&#34;: [], &#34;result&#34;: &#34;Passed&#34;, &#34;testId&#34;: &#34;testCases/test_search.py::TestAmazonSearchBar::test_valid_search_input[Iphone 15]&#34;, &#34;duration&#34;: &#34;00:00:16&#34;, &#34;resultsTableRow&#34;: [&#34;&lt;td class=\&#34;col-result\&#34;&gt;Passed&lt;/td&gt;&#34;, &#34;&lt;td class=\&#34;col-testId\&#34;&gt;testCases/test_search.py::TestAmazonSearchBar::test_valid_search_input[Iphone 15]&lt;/td&gt;&#34;, &#34;&lt;td class=\&#34;col-duration\&#34;&gt;00:00:16&lt;/td&gt;&#34;, &#34;&lt;td class=\&#34;col-links\&#34;&gt;&lt;/td&gt;&#34;], &#34;log&#34;: &#34;[gw0] win32 -- Python 3.11.3 C:\\Users\\sb31003\\.virtualenvs\\Amazon\\Scripts\\python.exe\n\n------------------------------ Captured log setup ------------------------------\nINFO     root:conftest.py:41 Setting up the WebDriver environment...\nINFO     root:conftest.py:47 WebDriver setup completed successfully.\n\n------------------------------ Captured log call -------------------------------\nINFO     root:search_bar_page.py:40 Total number of elements found in search suggestions: 10\nWARNING  root:search_bar_page.py:66 StaleElementReferenceException on attempt 1. Retrying...\nWARNING  root:search_bar_page.py:66 StaleElementReferenceException on attempt 1. Retrying...\n\n---------------------------- Captured log teardown -----------------------------\nINFO     root:conftest.py:56 Tearing down the WebDriver environment...&#34;}], &#34;testCases/test_search.py::TestAmazonSearchBar::test_invalid_search_input&#34;: [{&#34;extras&#34;: [], &#34;result&#34;: &#34;Passed&#34;, &#34;testId&#34;: &#34;testCases/test_search.py::TestAmazonSearchBar::test_invalid_search_input&#34;, &#34;duration&#34;: &#34;00:00:28&#34;, &#34;resultsTableRow&#34;: [&#34;&lt;td class=\&#34;col-result\&#34;&gt;Passed&lt;/td&gt;&#34;, &#34;&lt;td class=\&#34;col-testId\&#34;&gt;testCases/test_search.py::TestAmazonSearchBar::test_invalid_search_input&lt;/td&gt;&#34;, &#34;&lt;td class=\&#34;col-duration\&#34;&gt;00:00:28&lt;/td&gt;&#34;, &#34;&lt;td class=\&#34;col-links\&#34;&gt;&lt;/td&gt;&#34;], &#34;log&#34;: &#34;[gw1] win32 -- Python 3.11.3 C:\\Users\\sb31003\\.virtualenvs\\Amazon\\Scripts\\python.exe\n\n------------------------------ Captured log setup ------------------------------\nINFO     root:conftest.py:41 Setting up the WebDriver environment...\nINFO     root:conftest.py:47 WebDriver setup completed successfully.\n\n------------------------------ Captured log call -------------------------------\nERROR    root:Base_page.py:31 Timeout waiting for elements xpath=&amp;#x27;//div[@class=&amp;quot;left-pane-results-container&amp;quot;]/div&amp;#x27;.\nINFO     root:search_bar_page.py:40 Total number of elements found in search suggestions: 0\n\n---------------------------- Captured log teardown -----------------------------\nINFO     root:conftest.py:56 Tearing down the WebDriver environment...&#34;}], &#34;testCases/test_search.py::TestAmazonSearchBar::test_string_with_spaces&#34;: [{&#34;extras&#34;: [], &#34;result&#34;: &#34;Passed&#34;, &#34;testId&#34;: &#34;testCases/test_search.py::TestAmazonSearchBar::test_string_with_spaces&#34;, &#34;duration&#34;: &#34;00:00:17&#34;, &#34;resultsTableRow&#34;: [&#34;&lt;td class=\&#34;col-result\&#34;&gt;Passed&lt;/td&gt;&#34;, &#34;&lt;td class=\&#34;col-testId\&#34;&gt;testCases/test_search.py::TestAmazonSearchBar::test_string_with_spaces&lt;/td&gt;&#34;, &#34;&lt;td class=\&#34;col-duration\&#34;&gt;00:00:17&lt;/td&gt;&#34;, &#34;&lt;td class=\&#34;col-links\&#34;&gt;&lt;/td&gt;&#34;], &#34;log&#34;: &#34;[gw0] win32 -- Python 3.11.3 C:\\Users\\sb31003\\.virtualenvs\\Amazon\\Scripts\\python.exe\n\n------------------------------ Captured log setup ------------------------------\nINFO     root:conftest.py:41 Setting up the WebDriver environment...\nINFO     root:conftest.py:47 WebDriver setup completed successfully.\n\n------------------------------ Captured log call -------------------------------\nINFO     root:search_bar_page.py:40 Total number of elements found in search suggestions: 10\nWARNING  root:search_bar_page.py:66 StaleElementReferenceException on attempt 1. Retrying...\nWARNING  root:search_bar_page.py:66 StaleElementReferenceException on attempt 1. Retrying...\nWARNING  root:search_bar_page.py:66 StaleElementReferenceException on attempt 1. Retrying...\n\n---------------------------- Captured log teardown -----------------------------\nINFO     root:conftest.py:56 Tearing down the WebDriver environment...&#34;}], &#34;testCases/test_search.py::TestAmazonSearchBar::test_special_characters_in_search[Iphone 15 @#$%]&#34;: [{&#34;extras&#34;: [], &#34;result&#34;: &#34;Passed&#34;, &#34;testId&#34;: &#34;testCases/test_search.py::TestAmazonSearchBar::test_special_characters_in_search[Iphone 15 @#$%]&#34;, &#34;duration&#34;: &#34;00:00:17&#34;, &#34;resultsTableRow&#34;: [&#34;&lt;td class=\&#34;col-result\&#34;&gt;Passed&lt;/td&gt;&#34;, &#34;&lt;td class=\&#34;col-testId\&#34;&gt;testCases/test_search.py::TestAmazonSearchBar::test_special_characters_in_search[Iphone 15 @#$%]&lt;/td&gt;&#34;, &#34;&lt;td class=\&#34;col-duration\&#34;&gt;00:00:17&lt;/td&gt;&#34;, &#34;&lt;td class=\&#34;col-links\&#34;&gt;&lt;/td&gt;&#34;], &#34;log&#34;: &#34;[gw1] win32 -- Python 3.11.3 C:\\Users\\sb31003\\.virtualenvs\\Amazon\\Scripts\\python.exe\n\n------------------------------ Captured log setup ------------------------------\nINFO     root:conftest.py:41 Setting up the WebDriver environment...\nINFO     root:conftest.py:47 WebDriver setup completed successfully.\n\n------------------------------ Captured log call -------------------------------\nINFO     root:search_bar_page.py:40 Total number of elements found in search suggestions: 10\nWARNING  root:search_bar_page.py:66 StaleElementReferenceException on attempt 1. Retrying...\nWARNING  root:search_bar_page.py:66 StaleElementReferenceException on attempt 1. Retrying...\n\n---------------------------- Captured log teardown -----------------------------\nINFO     root:conftest.py:56 Tearing down the WebDriver environment...&#34;}], &#34;testCases/test_search.py::TestAmazonSearchBar::test_special_characters_in_search[Laptop #123]&#34;: [{&#34;extras&#34;: [], &#34;result&#34;: &#34;Passed&#34;, &#34;testId&#34;: &#34;testCases/test_search.py::TestAmazonSearchBar::test_special_characters_in_search[Laptop #123]&#34;, &#34;duration&#34;: &#34;00:00:18&#34;, &#34;resultsTableRow&#34;: [&#34;&lt;td class=\&#34;col-result\&#34;&gt;Passed&lt;/td&gt;&#34;, &#34;&lt;td class=\&#34;col-testId\&#34;&gt;testCases/test_search.py::TestAmazonSearchBar::test_special_characters_in_search[Laptop #123]&lt;/td&gt;&#34;, &#34;&lt;td class=\&#34;col-duration\&#34;&gt;00:00:18&lt;/td&gt;&#34;, &#34;&lt;td class=\&#34;col-links\&#34;&gt;&lt;/td&gt;&#34;], &#34;log&#34;: &#34;[gw0] win32 -- Python 3.11.3 C:\\Users\\sb31003\\.virtualenvs\\Amazon\\Scripts\\python.exe\n\n------------------------------ Captured log setup ------------------------------\nINFO     root:conftest.py:41 Setting up the WebDriver environment...\nINFO     root:conftest.py:47 WebDriver setup completed successfully.\n\n------------------------------ Captured log call -------------------------------\nINFO     root:search_bar_page.py:40 Total number of elements found in search suggestions: 10\n\n---------------------------- Captured log teardown -----------------------------\nINFO     root:conftest.py:56 Tearing down the WebDriver environment...&#34;}], &#34;testCases/test_search.py::TestAmazonSearchBar::test_long_search_input&#34;: [{&#34;extras&#34;: [], &#34;result&#34;: &#34;Failed&#34;, &#34;testId&#34;: &#34;testCases/test_search.py::TestAmazonSearchBar::test_long_search_input&#34;, &#34;duration&#34;: &#34;00:00:17&#34;, &#34;resultsTableRow&#34;: [&#34;&lt;td class=\&#34;col-result\&#34;&gt;Failed&lt;/td&gt;&#34;, &#34;&lt;td class=\&#34;col-testId\&#34;&gt;testCases/test_search.py::TestAmazonSearchBar::test_long_search_input&lt;/td&gt;&#34;, &#34;&lt;td class=\&#34;col-duration\&#34;&gt;00:00:17&lt;/td&gt;&#34;, &#34;&lt;td class=\&#34;col-links\&#34;&gt;&lt;/td&gt;&#34;], &#34;log&#34;: &#34;[gw1] win32 -- Python 3.11.3 C:\\Users\\sb31003\\.virtualenvs\\Amazon\\Scripts\\python.exe\n\nself = &amp;lt;testCases.test_search.TestAmazonSearchBar object at 0x0000022CF9AE9390&amp;gt;, setup = &amp;lt;selenium.webdriver.chrome.webdriver.WebDriver (session=&amp;quot;6ceb69d4287e44b953947d2ab0ce5289&amp;quot;)&amp;gt;\n\n    @pytest.mark.sahil\n    @pytest.mark.run(priority=9)\n    def test_long_search_input(self, setup):\n        long_search_text = &amp;quot;Iphone 15 with 128GB storage and long description included to test the search input handling behavior&amp;quot;\n        self.driver = setup\n        search_page = SearchBarPage(self.driver)\n        search_page.enter_search_text(long_search_text)\n        suggestions = search_page.fetch_suggestions()\n&amp;gt;       assert len(suggestions) == 0, &amp;quot;Suggestions were not fetched for long search input.&amp;quot;\nE       AssertionError: Suggestions were not fetched for long search input.\nE       assert 10 == 0\nE        +  where 10 = len([&amp;#x27;iphone 15 wireless charger&amp;#x27;, &amp;#x27;iphone 15 white colour&amp;#x27;, &amp;#x27;iphone 15 wallet case&amp;#x27;, &amp;#x27;iphone 15 wired earphone&amp;#x27;, &amp;#x27;iphone 15 with 256gb&amp;#x27;, &amp;#x27;iphone 15 128gb plus&amp;#x27;, ...])\n\ntestCases\\test_search.py:129: AssertionError\n\n------------------------------ Captured log setup ------------------------------\nINFO     root:conftest.py:41 Setting up the WebDriver environment...\nINFO     root:conftest.py:47 WebDriver setup completed successfully.\n\n------------------------------ Captured log call -------------------------------\nINFO     root:search_bar_page.py:40 Total number of elements found in search suggestions: 10\nWARNING  root:search_bar_page.py:66 StaleElementReferenceException on attempt 1. Retrying...\n\n---------------------------- Captured log teardown -----------------------------\nINFO     root:conftest.py:56 Tearing down the WebDriver environment...&#34;}], &#34;testCases/test_search.py::TestAmazonSearchBar::test_multiple_words_in_search[Iphone 15 pro max]&#34;: [{&#34;extras&#34;: [], &#34;result&#34;: &#34;Passed&#34;, &#34;testId&#34;: &#34;testCases/test_search.py::TestAmazonSearchBar::test_multiple_words_in_search[Iphone 15 pro max]&#34;, &#34;duration&#34;: &#34;00:00:16&#34;, &#34;resultsTableRow&#34;: [&#34;&lt;td class=\&#34;col-result\&#34;&gt;Passed&lt;/td&gt;&#34;, &#34;&lt;td class=\&#34;col-testId\&#34;&gt;testCases/test_search.py::TestAmazonSearchBar::test_multiple_words_in_search[Iphone 15 pro max]&lt;/td&gt;&#34;, &#34;&lt;td class=\&#34;col-duration\&#34;&gt;00:00:16&lt;/td&gt;&#34;, &#34;&lt;td class=\&#34;col-links\&#34;&gt;&lt;/td&gt;&#34;], &#34;log&#34;: &#34;[gw0] win32 -- Python 3.11.3 C:\\Users\\sb31003\\.virtualenvs\\Amazon\\Scripts\\python.exe\n\n------------------------------ Captured log setup ------------------------------\nINFO     root:conftest.py:41 Setting up the WebDriver environment...\nINFO     root:conftest.py:47 WebDriver setup completed successfully.\n\n------------------------------ Captured log call -------------------------------\nINFO     root:search_bar_page.py:40 Total number of elements found in search suggestions: 10\nWARNING  root:search_bar_page.py:66 StaleElementReferenceException on attempt 1. Retrying...\nWARNING  root:search_bar_page.py:66 StaleElementReferenceException on attempt 1. Retrying...\nWARNING  root:search_bar_page.py:66 StaleElementReferenceException on attempt 1. Retrying...\n\n---------------------------- Captured log teardown -----------------------------\nINFO     root:conftest.py:56 Tearing down the WebDriver environment...&#34;}], &#34;testCases/test_search.py::TestAmazonSearchBar::test_suggestions_with_numbers[Iphone 15 256GB]&#34;: [{&#34;extras&#34;: [], &#34;result&#34;: &#34;Passed&#34;, &#34;testId&#34;: &#34;testCases/test_search.py::TestAmazonSearchBar::test_suggestions_with_numbers[Iphone 15 256GB]&#34;, &#34;duration&#34;: &#34;00:00:16&#34;, &#34;resultsTableRow&#34;: [&#34;&lt;td class=\&#34;col-result\&#34;&gt;Passed&lt;/td&gt;&#34;, &#34;&lt;td class=\&#34;col-testId\&#34;&gt;testCases/test_search.py::TestAmazonSearchBar::test_suggestions_with_numbers[Iphone 15 256GB]&lt;/td&gt;&#34;, &#34;&lt;td class=\&#34;col-duration\&#34;&gt;00:00:16&lt;/td&gt;&#34;, &#34;&lt;td class=\&#34;col-links\&#34;&gt;&lt;/td&gt;&#34;], &#34;log&#34;: &#34;[gw1] win32 -- Python 3.11.3 C:\\Users\\sb31003\\.virtualenvs\\Amazon\\Scripts\\python.exe\n\n------------------------------ Captured log setup ------------------------------\nINFO     root:conftest.py:41 Setting up the WebDriver environment...\nINFO     root:conftest.py:47 WebDriver setup completed successfully.\n\n------------------------------ Captured log call -------------------------------\nINFO     root:search_bar_page.py:40 Total number of elements found in search suggestions: 10\nWARNING  root:search_bar_page.py:66 StaleElementReferenceException on attempt 1. Retrying...\nWARNING  root:search_bar_page.py:66 StaleElementReferenceException on attempt 1. Retrying...\nWARNING  root:search_bar_page.py:66 StaleElementReferenceException on attempt 1. Retrying...\n\n---------------------------- Captured log teardown -----------------------------\nINFO     root:conftest.py:56 Tearing down the WebDriver environment...&#34;}], &#34;testCases/test_search.py::TestAmazonSearchBar::test_suggestions_with_numbers[Iphone 15 64GB]&#34;: [{&#34;extras&#34;: [], &#34;result&#34;: &#34;Passed&#34;, &#34;testId&#34;: &#34;testCases/test_search.py::TestAmazonSearchBar::test_suggestions_with_numbers[Iphone 15 64GB]&#34;, &#34;duration&#34;: &#34;00:00:16&#34;, &#34;resultsTableRow&#34;: [&#34;&lt;td class=\&#34;col-result\&#34;&gt;Passed&lt;/td&gt;&#34;, &#34;&lt;td class=\&#34;col-testId\&#34;&gt;testCases/test_search.py::TestAmazonSearchBar::test_suggestions_with_numbers[Iphone 15 64GB]&lt;/td&gt;&#34;, &#34;&lt;td class=\&#34;col-duration\&#34;&gt;00:00:16&lt;/td&gt;&#34;, &#34;&lt;td class=\&#34;col-links\&#34;&gt;&lt;/td&gt;&#34;], &#34;log&#34;: &#34;[gw0] win32 -- Python 3.11.3 C:\\Users\\sb31003\\.virtualenvs\\Amazon\\Scripts\\python.exe\n\n------------------------------ Captured log setup ------------------------------\nINFO     root:conftest.py:41 Setting up the WebDriver environment...\nINFO     root:conftest.py:47 WebDriver setup completed successfully.\n\n------------------------------ Captured log call -------------------------------\nINFO     root:search_bar_page.py:40 Total number of elements found in search suggestions: 10\nWARNING  root:search_bar_page.py:66 StaleElementReferenceException on attempt 1. Retrying...\nWARNING  root:search_bar_page.py:66 StaleElementReferenceException on attempt 1. Retrying...\nWARNING  root:search_bar_page.py:66 StaleElementReferenceException on attempt 1. Retrying...\n\n---------------------------- Captured log teardown -----------------------------\nINFO     root:conftest.py:56 Tearing down the WebDriver environment...&#34;}], &#34;testCases/test_search.py::TestAmazonSearchBar::test_case_insensitive_search[IPHONE 15]&#34;: [{&#34;extras&#34;: [], &#34;result&#34;: &#34;Passed&#34;, &#34;testId&#34;: &#34;testCases/test_search.py::TestAmazonSearchBar::test_case_insensitive_search[IPHONE 15]&#34;, &#34;duration&#34;: &#34;00:00:16&#34;, &#34;resultsTableRow&#34;: [&#34;&lt;td class=\&#34;col-result\&#34;&gt;Passed&lt;/td&gt;&#34;, &#34;&lt;td class=\&#34;col-testId\&#34;&gt;testCases/test_search.py::TestAmazonSearchBar::test_case_insensitive_search[IPHONE 15]&lt;/td&gt;&#34;, &#34;&lt;td class=\&#34;col-duration\&#34;&gt;00:00:16&lt;/td&gt;&#34;, &#34;&lt;td class=\&#34;col-links\&#34;&gt;&lt;/td&gt;&#34;], &#34;log&#34;: &#34;[gw0] win32 -- Python 3.11.3 C:\\Users\\sb31003\\.virtualenvs\\Amazon\\Scripts\\python.exe\n\n------------------------------ Captured log setup ------------------------------\nINFO     root:conftest.py:41 Setting up the WebDriver environment...\nINFO     root:conftest.py:47 WebDriver setup completed successfully.\n\n------------------------------ Captured log call -------------------------------\nINFO     root:search_bar_page.py:40 Total number of elements found in search suggestions: 10\nWARNING  root:search_bar_page.py:66 StaleElementReferenceException on attempt 1. Retrying...\nWARNING  root:search_bar_page.py:66 StaleElementReferenceException on attempt 1. Retrying...\n\n---------------------------- Captured log teardown -----------------------------\nINFO     root:conftest.py:56 Tearing down the WebDriver environment...&#34;}], &#34;testCases/test_search.py::TestAmazonSearchBar::test_case_insensitive_search[Iphone 15]&#34;: [{&#34;extras&#34;: [], &#34;result&#34;: &#34;Passed&#34;, &#34;testId&#34;: &#34;testCases/test_search.py::TestAmazonSearchBar::test_case_insensitive_search[Iphone 15]&#34;, &#34;duration&#34;: &#34;00:00:18&#34;, &#34;resultsTableRow&#34;: [&#34;&lt;td class=\&#34;col-result\&#34;&gt;Passed&lt;/td&gt;&#34;, &#34;&lt;td class=\&#34;col-testId\&#34;&gt;testCases/test_search.py::TestAmazonSearchBar::test_case_insensitive_search[Iphone 15]&lt;/td&gt;&#34;, &#34;&lt;td class=\&#34;col-duration\&#34;&gt;00:00:18&lt;/td&gt;&#34;, &#34;&lt;td class=\&#34;col-links\&#34;&gt;&lt;/td&gt;&#34;], &#34;log&#34;: &#34;[gw1] win32 -- Python 3.11.3 C:\\Users\\sb31003\\.virtualenvs\\Amazon\\Scripts\\python.exe\n\n------------------------------ Captured log setup ------------------------------\nINFO     root:conftest.py:41 Setting up the WebDriver environment...\nINFO     root:conftest.py:47 WebDriver setup completed successfully.\n\n------------------------------ Captured log call -------------------------------\nINFO     root:search_bar_page.py:40 Total number of elements found in search suggestions: 10\nWARNING  root:search_bar_page.py:66 StaleElementReferenceException on attempt 1. Retrying...\nWARNING  root:search_bar_page.py:66 StaleElementReferenceException on attempt 1. Retrying...\n\n---------------------------- Captured log teardown -----------------------------\nINFO     root:conftest.py:56 Tearing down the WebDriver environment...&#34;}], &#34;testCases/test_search.py::TestAmazonSearchBar::test_partial_match_suggestions[Iphone 13]&#34;: [{&#34;extras&#34;: [], &#34;result&#34;: &#34;Passed&#34;, &#34;testId&#34;: &#34;testCases/test_search.py::TestAmazonSearchBar::test_partial_match_suggestions[Iphone 13]&#34;, &#34;duration&#34;: &#34;00:00:19&#34;, &#34;resultsTableRow&#34;: [&#34;&lt;td class=\&#34;col-result\&#34;&gt;Passed&lt;/td&gt;&#34;, &#34;&lt;td class=\&#34;col-testId\&#34;&gt;testCases/test_search.py::TestAmazonSearchBar::test_partial_match_suggestions[Iphone 13]&lt;/td&gt;&#34;, &#34;&lt;td class=\&#34;col-duration\&#34;&gt;00:00:19&lt;/td&gt;&#34;, &#34;&lt;td class=\&#34;col-links\&#34;&gt;&lt;/td&gt;&#34;], &#34;log&#34;: &#34;[gw0] win32 -- Python 3.11.3 C:\\Users\\sb31003\\.virtualenvs\\Amazon\\Scripts\\python.exe\n\n------------------------------ Captured log setup ------------------------------\nINFO     root:conftest.py:41 Setting up the WebDriver environment...\nINFO     root:conftest.py:47 WebDriver setup completed successfully.\n\n------------------------------ Captured log call -------------------------------\nINFO     root:search_bar_page.py:40 Total number of elements found in search suggestions: 10\nWARNING  root:search_bar_page.py:66 StaleElementReferenceException on attempt 1. Retrying...\nWARNING  root:search_bar_page.py:66 StaleElementReferenceException on attempt 1. Retrying...\n\n---------------------------- Captured log teardown -----------------------------\nINFO     root:conftest.py:56 Tearing down the WebDriver environment...&#34;}], &#34;testCases/test_search.py::TestAmazonSearchBar::test_partial_match_suggestions[Iphone 15]&#34;: [{&#34;extras&#34;: [], &#34;result&#34;: &#34;Passed&#34;, &#34;testId&#34;: &#34;testCases/test_search.py::TestAmazonSearchBar::test_partial_match_suggestions[Iphone 15]&#34;, &#34;duration&#34;: &#34;00:00:19&#34;, &#34;resultsTableRow&#34;: [&#34;&lt;td class=\&#34;col-result\&#34;&gt;Passed&lt;/td&gt;&#34;, &#34;&lt;td class=\&#34;col-testId\&#34;&gt;testCases/test_search.py::TestAmazonSearchBar::test_partial_match_suggestions[Iphone 15]&lt;/td&gt;&#34;, &#34;&lt;td class=\&#34;col-duration\&#34;&gt;00:00:19&lt;/td&gt;&#34;, &#34;&lt;td class=\&#34;col-links\&#34;&gt;&lt;/td&gt;&#34;], &#34;log&#34;: &#34;[gw0] win32 -- Python 3.11.3 C:\\Users\\sb31003\\.virtualenvs\\Amazon\\Scripts\\python.exe\n\n------------------------------ Captured log setup ------------------------------\nINFO     root:conftest.py:41 Setting up the WebDriver environment...\nINFO     root:conftest.py:47 WebDriver setup completed successfully.\n\n------------------------------ Captured log call -------------------------------\nINFO     root:search_bar_page.py:40 Total number of elements found in search suggestions: 10\nWARNING  root:search_bar_page.py:66 StaleElementReferenceException on attempt 1. Retrying...\n\n---------------------------- Captured log teardown -----------------------------\nINFO     root:conftest.py:56 Tearing down the WebDriver environment...&#34;}], &#34;testCases/test_search.py::TestAmazonSearchBar::test_fetched_suggestions[Iphone 15]&#34;: [{&#34;extras&#34;: [], &#34;result&#34;: &#34;Failed&#34;, &#34;testId&#34;: &#34;testCases/test_search.py::TestAmazonSearchBar::test_fetched_suggestions[Iphone 15]&#34;, &#34;duration&#34;: &#34;00:03:39&#34;, &#34;resultsTableRow&#34;: [&#34;&lt;td class=\&#34;col-result\&#34;&gt;Failed&lt;/td&gt;&#34;, &#34;&lt;td class=\&#34;col-testId\&#34;&gt;testCases/test_search.py::TestAmazonSearchBar::test_fetched_suggestions[Iphone 15]&lt;/td&gt;&#34;, &#34;&lt;td class=\&#34;col-duration\&#34;&gt;00:03:39&lt;/td&gt;&#34;, &#34;&lt;td class=\&#34;col-links\&#34;&gt;&lt;/td&gt;&#34;], &#34;log&#34;: &#34;[gw2] win32 -- Python 3.11.3 C:\\Users\\sb31003\\.virtualenvs\\Amazon\\Scripts\\python.exe\n\nself = &amp;lt;testCases.test_search.TestAmazonSearchBar object at 0x0000022D1CB1FA90&amp;gt;, setup = &amp;lt;selenium.webdriver.chrome.webdriver.WebDriver (session=&amp;quot;a520e19c6d347044d5766b514690d686&amp;quot;)&amp;gt;\ntext_string = &amp;#x27;Iphone 15&amp;#x27;\n\n    @pytest.mark.sahil\n    @pytest.mark.run(priority=5)  # Fifth priority\n    @pytest.mark.parametrize(&amp;quot;text_string&amp;quot;, [&amp;#x27;Iphone 15&amp;#x27;])\n    def test_fetched_suggestions(self, setup, text_string):\n        self.driver = setup\n        search_bar_page = SearchBarPage(self.driver)\n        search_bar_page.enter_search_text(text_string)\n        suggestions = search_bar_page.fetch_suggestions()\n        assert len(suggestions) &amp;gt; 0, &amp;quot;Suggestions list is empty after searching for a valid query.&amp;quot;\n    \n        failure_messages = []  # List to collect any failure messages\n    \n        if suggestions:\n            search_bar_page.click_first_suggestion()\n            suggested_names = search_bar_page.fetch_suggested_names()\n    \n            for text in suggested_names:\n                try:\n                    # Check for case-insensitive match\n                    if text_string.lower() not in text.lower():\n                        failure_messages.append(f&amp;quot;Wrong suggestion in main page, fetched suggestion is: {text}&amp;quot;)\n                except AssertionError as e:\n                    failure_messages.append(str(e))\n    \n        if failure_messages:\n            logger.error(&amp;quot;\\n&amp;quot;.join(failure_messages))\n&amp;gt;           assert False, &amp;quot;One or more wrong suggestions found. Check the logs for details.&amp;quot;\nE           AssertionError: One or more wrong suggestions found. Check the logs for details.\nE           assert False\n\ntestCases\\test_search.py:91: AssertionError\n\n------------------------------ Captured log setup ------------------------------\nINFO     root:conftest.py:41 Setting up the WebDriver environment...\nINFO     root:conftest.py:47 WebDriver setup completed successfully.\n\n------------------------------ Captured log call -------------------------------\nINFO     root:search_bar_page.py:40 Total number of elements found in search suggestions: 10\nWARNING  root:search_bar_page.py:66 StaleElementReferenceException on attempt 1. Retrying...\nERROR    root:Base_page.py:19 Timeout waiting for element xpath=&amp;#x27;//div[@id=&amp;#x27;sac-suggestion-row-1&amp;#x27;]&amp;#x27;.\nERROR    root:Base_page.py:19 Timeout waiting for element xpath=&amp;#x27;//div[@id=&amp;#x27;sac-suggestion-row-1&amp;#x27;]&amp;#x27;.\nERROR    root:search_bar_page.py:99 Failed to click the first suggestion after 3 retries.\nERROR    root:test_search.py:90 Wrong suggestion in main page, fetched suggestion is: iPhone 16 128 GB: 5G Mobile Phone with Camera Control, A18 Chip and a Big Boost in Battery Life. Works with AirPods; Black\nWrong suggestion in main page, fetched suggestion is: Samsung Galaxy M05 (Mint Green, 4GB RAM, 64 GB Storage) | 50MP Dual Camera | Bigger 6.7&amp;quot; HD+ Display | 5000mAh Battery | 25W Fast Charging | 2 Gen OS Upgrade &amp;amp; 4 Year Security Update | Without Charger\nWrong suggestion in main page, fetched suggestion is: iPhone 16 128 GB: 5G Mobile Phone with Camera Control, A18 Chip and a Big Boost in Battery Life. Works with AirPods; Ultramarine\nWrong suggestion in main page, fetched suggestion is: Apple iPhone 13 (128GB) - (Product) RED\nWrong suggestion in main page, fetched suggestion is: iPhone 16 Pro 128 GB: 5G Mobile Phone with Camera Control, 4K 120 fps Dolby Vision and a Huge Leap in Battery Life. Works with AirPods; Natural Titanium\nWrong suggestion in main page, fetched suggestion is: Apple iPhone 14 (128 GB) - Midnight\n\n---------------------------- Captured log teardown -----------------------------\nINFO     root:conftest.py:56 Tearing down the WebDriver environment...&#34;}], &#34;testCases/test_search.py::TestAmazonSearchBar::test_click_first_suggestion_URL&#34;: [{&#34;extras&#34;: [], &#34;result&#34;: &#34;Passed&#34;, &#34;testId&#34;: &#34;testCases/test_search.py::TestAmazonSearchBar::test_click_first_suggestion_URL&#34;, &#34;duration&#34;: &#34;00:00:21&#34;, &#34;resultsTableRow&#34;: [&#34;&lt;td class=\&#34;col-result\&#34;&gt;Passed&lt;/td&gt;&#34;, &#34;&lt;td class=\&#34;col-testId\&#34;&gt;testCases/test_search.py::TestAmazonSearchBar::test_click_first_suggestion_URL&lt;/td&gt;&#34;, &#34;&lt;td class=\&#34;col-duration\&#34;&gt;00:00:21&lt;/td&gt;&#34;, &#34;&lt;td class=\&#34;col-links\&#34;&gt;&lt;/td&gt;&#34;], &#34;log&#34;: &#34;[gw2] win32 -- Python 3.11.3 C:\\Users\\sb31003\\.virtualenvs\\Amazon\\Scripts\\python.exe\n\n------------------------------ Captured log setup ------------------------------\nINFO     root:conftest.py:41 Setting up the WebDriver environment...\nINFO     root:conftest.py:47 WebDriver setup completed successfully.\n---------------------------- Captured log teardown -----------------------------\nINFO     root:conftest.py:56 Tearing down the WebDriver environment...&#34;}], &#34;testCases/test_search.py::TestAmazonSearchBar::test_case_insensitive_search[iPhone 15]&#34;: [{&#34;extras&#34;: [], &#34;result&#34;: &#34;Error&#34;, &#34;testId&#34;: &#34;testCases/test_search.py::TestAmazonSearchBar::test_case_insensitive_search[iPhone 15]::setup&#34;, &#34;duration&#34;: &#34;00:02:21&#34;, &#34;resultsTableRow&#34;: [&#34;&lt;td class=\&#34;col-result\&#34;&gt;Error&lt;/td&gt;&#34;, &#34;&lt;td class=\&#34;col-testId\&#34;&gt;testCases/test_search.py::TestAmazonSearchBar::test_case_insensitive_search[iPhone 15]::setup&lt;/td&gt;&#34;, &#34;&lt;td class=\&#34;col-duration\&#34;&gt;00:02:21&lt;/td&gt;&#34;, &#34;&lt;td class=\&#34;col-links\&#34;&gt;&lt;/td&gt;&#34;], &#34;log&#34;: &#34;[gw1] win32 -- Python 3.11.3 C:\\Users\\sb31003\\.virtualenvs\\Amazon\\Scripts\\python.exe\n\ncls = &amp;lt;class &amp;#x27;_pytest.runner.CallInfo&amp;#x27;&amp;gt;, func = &amp;lt;function call_and_report.&amp;lt;locals&amp;gt;.&amp;lt;lambda&amp;gt; at 0x0000022CF9EA4E00&amp;gt;, when = &amp;#x27;setup&amp;#x27;\nreraise = (&amp;lt;class &amp;#x27;_pytest.outcomes.Exit&amp;#x27;&amp;gt;, &amp;lt;class &amp;#x27;KeyboardInterrupt&amp;#x27;&amp;gt;)\n\n    @classmethod\n    def from_call(\n        cls,\n        func: Callable[[], TResult],\n        when: Literal[&amp;quot;collect&amp;quot;, &amp;quot;setup&amp;quot;, &amp;quot;call&amp;quot;, &amp;quot;teardown&amp;quot;],\n        reraise: type[BaseException] | tuple[type[BaseException], ...] | None = None,\n    ) -&amp;gt; CallInfo[TResult]:\n        &amp;quot;&amp;quot;&amp;quot;Call func, wrapping the result in a CallInfo.\n    \n        :param func:\n            The function to call. Called without arguments.\n        :type func: Callable[[], _pytest.runner.TResult]\n        :param when:\n            The phase in which the function is called.\n        :param reraise:\n            Exception or exceptions that shall propagate if raised by the\n            function, instead of being wrapped in the CallInfo.\n        &amp;quot;&amp;quot;&amp;quot;\n        excinfo = None\n        start = timing.time()\n        precise_start = timing.perf_counter()\n        try:\n&amp;gt;           result: TResult | None = func()\n\n..\\..\\.virtualenvs\\Amazon\\Lib\\site-packages\\_pytest\\runner.py:341: \n_ _ _ _ _ _ _ _ _ _ _ _ _ _ _ _ _ _ _ _ _ _ _ _ _ _ _ _ _ _ _ _ _ _ _ _ _ _ _ _ _ _ _ _ _ _ _ _ _ _ _ _ _ _ _ _ _ _ _ _ _ _ _ _ _ _ _ _ _ _ _ _ _ _ _ _ _ _ _ _ _ _ _ _ _ _ _ _ _ _ _ _ _ _ _ _ _ _ _ _ \n..\\..\\.virtualenvs\\Amazon\\Lib\\site-packages\\_pytest\\runner.py:242: in &amp;lt;lambda&amp;gt;\n    lambda: runtest_hook(item=item, **kwds), when=when, reraise=reraise\n..\\..\\.virtualenvs\\Amazon\\Lib\\site-packages\\pluggy\\_hooks.py:513: in __call__\n    return self._hookexec(self.name, self._hookimpls.copy(), kwargs, firstresult)\n..\\..\\.virtualenvs\\Amazon\\Lib\\site-packages\\pluggy\\_manager.py:120: in _hookexec\n    return self._inner_hookexec(hook_name, methods, kwargs, firstresult)\n..\\..\\.virtualenvs\\Amazon\\Lib\\site-packages\\_pytest\\unraisableexception.py:90: in pytest_runtest_setup\n    yield from unraisable_exception_runtest_hook()\n..\\..\\.virtualenvs\\Amazon\\Lib\\site-packages\\_pytest\\unraisableexception.py:70: in unraisable_exception_runtest_hook\n    yield\n..\\..\\.virtualenvs\\Amazon\\Lib\\site-packages\\_pytest\\logging.py:840: in pytest_runtest_setup\n    yield from self._runtest_for(item, &amp;quot;setup&amp;quot;)\n..\\..\\.virtualenvs\\Amazon\\Lib\\site-packages\\_pytest\\logging.py:829: in _runtest_for\n    yield\n..\\..\\.virtualenvs\\Amazon\\Lib\\site-packages\\_pytest\\capture.py:875: in pytest_runtest_setup\n    return (yield)\n..\\..\\.virtualenvs\\Amazon\\Lib\\site-packages\\_pytest\\threadexception.py:87: in pytest_runtest_setup\n    yield from thread_exception_runtest_hook()\n..\\..\\.virtualenvs\\Amazon\\Lib\\site-packages\\_pytest\\threadexception.py:68: in thread_exception_runtest_hook\n    yield\n..\\..\\.virtualenvs\\Amazon\\Lib\\site-packages\\_pytest\\runner.py:160: in pytest_runtest_setup\n    item.session._setupstate.setup(item)\n..\\..\\.virtualenvs\\Amazon\\Lib\\site-packages\\_pytest\\runner.py:514: in setup\n    col.setup()\n..\\..\\.virtualenvs\\Amazon\\Lib\\site-packages\\_pytest\\python.py:1630: in setup\n    self._request._fillfixtures()\n..\\..\\.virtualenvs\\Amazon\\Lib\\site-packages\\_pytest\\fixtures.py:697: in _fillfixtures\n    item.funcargs[argname] = self.getfixturevalue(argname)\n..\\..\\.virtualenvs\\Amazon\\Lib\\site-packages\\_pytest\\fixtures.py:532: in getfixturevalue\n    fixturedef = self._get_active_fixturedef(argname)\n..\\..\\.virtualenvs\\Amazon\\Lib\\site-packages\\_pytest\\fixtures.py:617: in _get_active_fixturedef\n    fixturedef.execute(request=subrequest)\n..\\..\\.virtualenvs\\Amazon\\Lib\\site-packages\\_pytest\\fixtures.py:1091: in execute\n    result = ihook.pytest_fixture_setup(fixturedef=self, request=request)\n..\\..\\.virtualenvs\\Amazon\\Lib\\site-packages\\pluggy\\_hooks.py:513: in __call__\n    return self._hookexec(self.name, self._hookimpls.copy(), kwargs, firstresult)\n..\\..\\.virtualenvs\\Amazon\\Lib\\site-packages\\pluggy\\_manager.py:120: in _hookexec\n    return self._inner_hookexec(hook_name, methods, kwargs, firstresult)\n..\\..\\.virtualenvs\\Amazon\\Lib\\site-packages\\_pytest\\setuponly.py:36: in pytest_fixture_setup\n    return (yield)\n..\\..\\.virtualenvs\\Amazon\\Lib\\site-packages\\_pytest\\fixtures.py:1140: in pytest_fixture_setup\n    result = call_fixture_func(fixturefunc, request, kwargs)\n_ _ _ _ _ _ _ _ _ _ _ _ _ _ _ _ _ _ _ _ _ _ _ _ _ _ _ _ _ _ _ _ _ _ _ _ _ _ _ _ _ _ _ _ _ _ _ _ _ _ _ _ _ _ _ _ _ _ _ _ _ _ _ _ _ _ _ _ _ _ _ _ _ _ _ _ _ _ _ _ _ _ _ _ _ _ _ _ _ _ _ _ _ _ _ _ _ _ _ _ \n\nfixturefunc = &amp;lt;function setup at 0x0000022CF9A894E0&amp;gt;, request = &amp;lt;SubRequest &amp;#x27;setup&amp;#x27; for &amp;lt;Function test_case_insensitive_search[iPhone 15]&amp;gt;&amp;gt;\nkwargs = {&amp;#x27;request&amp;#x27;: &amp;lt;SubRequest &amp;#x27;setup&amp;#x27; for &amp;lt;Function test_case_insensitive_search[iPhone 15]&amp;gt;&amp;gt;}\n\n    def call_fixture_func(\n        fixturefunc: _FixtureFunc[FixtureValue], request: FixtureRequest, kwargs\n    ) -&amp;gt; FixtureValue:\n        if is_generator(fixturefunc):\n            fixturefunc = cast(\n                Callable[..., Generator[FixtureValue, None, None]], fixturefunc\n            )\n            generator = fixturefunc(**kwargs)\n            try:\n                fixture_result = next(generator)\n            except StopIteration:\n&amp;gt;               raise ValueError(f&amp;quot;{request.fixturename} did not yield a value&amp;quot;) from None\nE               ValueError: setup did not yield a value\n\n..\\..\\.virtualenvs\\Amazon\\Lib\\site-packages\\_pytest\\fixtures.py:893: ValueError\n\n------------------------------ Captured log setup ------------------------------\nINFO     root:conftest.py:41 Setting up the WebDriver environment...\nERROR    root:conftest.py:54 Error during WebDriver setup: HTTPConnectionPool(host=&amp;#x27;localhost&amp;#x27;, port=64338): Read timed out. (read timeout=120)\nINFO     root:conftest.py:56 Tearing down the WebDriver environment...\n&#34;}], &#34;testCases/test_search.py::TestAmazonSearchBar::test_partial_match_suggestions[Iphone 12]&#34;: [{&#34;extras&#34;: [], &#34;result&#34;: &#34;Passed&#34;, &#34;testId&#34;: &#34;testCases/test_search.py::TestAmazonSearchBar::test_partial_match_suggestions[Iphone 12]&#34;, &#34;duration&#34;: &#34;00:00:16&#34;, &#34;resultsTableRow&#34;: [&#34;&lt;td class=\&#34;col-result\&#34;&gt;Passed&lt;/td&gt;&#34;, &#34;&lt;td class=\&#34;col-testId\&#34;&gt;testCases/test_search.py::TestAmazonSearchBar::test_partial_match_suggestions[Iphone 12]&lt;/td&gt;&#34;, &#34;&lt;td class=\&#34;col-duration\&#34;&gt;00:00:16&lt;/td&gt;&#34;, &#34;&lt;td class=\&#34;col-links\&#34;&gt;&lt;/td&gt;&#34;], &#34;log&#34;: &#34;[gw1] win32 -- Python 3.11.3 C:\\Users\\sb31003\\.virtualenvs\\Amazon\\Scripts\\python.exe\n\n------------------------------ Captured log setup ------------------------------\nINFO     root:conftest.py:41 Setting up the WebDriver environment...\nINFO     root:conftest.py:47 WebDriver setup completed successfully.\n\n------------------------------ Captured log call -------------------------------\nINFO     root:search_bar_page.py:40 Total number of elements found in search suggestions: 10\nWARNING  root:search_bar_page.py:66 StaleElementReferenceException on attempt 1. Retrying...\nWARNING  root:search_bar_page.py:66 StaleElementReferenceException on attempt 1. Retrying...\n\n---------------------------- Captured log teardown -----------------------------\nINFO     root:conftest.py:56 Tearing down the WebDriver environment...&#34;}]}, &#34;renderCollapsed&#34;: [&#34;passed&#34;], &#34;initialSort&#34;: &#34;result&#34;, &#34;title&#34;: &#34;23-01-2025_10-26-12.html&#34;}"></div>
    <script>
      (function(){function r(e,n,t){function o(i,f){if(!n[i]){if(!e[i]){var c="function"==typeof require&&require;if(!f&&c)return c(i,!0);if(u)return u(i,!0);var a=new Error("Cannot find module '"+i+"'");throw a.code="MODULE_NOT_FOUND",a}var p=n[i]={exports:{}};e[i][0].call(p.exports,function(r){var n=e[i][1][r];return o(n||r)},p,p.exports,r,e,n,t)}return n[i].exports}for(var u="function"==typeof require&&require,i=0;i<t.length;i++)o(t[i]);return o}return r})()({1:[function(require,module,exports){
const { getCollapsedCategory, setCollapsedIds } = require('./storage.js')

class DataManager {
    setManager(data) {
        const collapsedCategories = [...getCollapsedCategory(data.renderCollapsed)]
        const collapsedIds = []
        const tests = Object.values(data.tests).flat().map((test, index) => {
            const collapsed = collapsedCategories.includes(test.result.toLowerCase())
            const id = `test_${index}`
            if (collapsed) {
                collapsedIds.push(id)
            }
            return {
                ...test,
                id,
                collapsed,
            }
        })
        const dataBlob = { ...data, tests }
        this.data = { ...dataBlob }
        this.renderData = { ...dataBlob }
        setCollapsedIds(collapsedIds)
    }

    get allData() {
        return { ...this.data }
    }

    resetRender() {
        this.renderData = { ...this.data }
    }

    setRender(data) {
        this.renderData.tests = [...data]
    }

    toggleCollapsedItem(id) {
        this.renderData.tests = this.renderData.tests.map((test) =>
            test.id === id ? { ...test, collapsed: !test.collapsed } : test,
        )
    }

    set allCollapsed(collapsed) {
        this.renderData = { ...this.renderData, tests: [...this.renderData.tests.map((test) => (
            { ...test, collapsed }
        ))] }
    }

    get testSubset() {
        return [...this.renderData.tests]
    }

    get environment() {
        return this.renderData.environment
    }

    get initialSort() {
        return this.data.initialSort
    }
}

module.exports = {
    manager: new DataManager(),
}

},{"./storage.js":8}],2:[function(require,module,exports){
const mediaViewer = require('./mediaviewer.js')
const templateEnvRow = document.getElementById('template_environment_row')
const templateResult = document.getElementById('template_results-table__tbody')

function htmlToElements(html) {
    const temp = document.createElement('template')
    temp.innerHTML = html
    return temp.content.childNodes
}

const find = (selector, elem) => {
    if (!elem) {
        elem = document
    }
    return elem.querySelector(selector)
}

const findAll = (selector, elem) => {
    if (!elem) {
        elem = document
    }
    return [...elem.querySelectorAll(selector)]
}

const dom = {
    getStaticRow: (key, value) => {
        const envRow = templateEnvRow.content.cloneNode(true)
        const isObj = typeof value === 'object' && value !== null
        const values = isObj ? Object.keys(value).map((k) => `${k}: ${value[k]}`) : null

        const valuesElement = htmlToElements(
            values ? `<ul>${values.map((val) => `<li>${val}</li>`).join('')}<ul>` : `<div>${value}</div>`)[0]
        const td = findAll('td', envRow)
        td[0].textContent = key
        td[1].appendChild(valuesElement)

        return envRow
    },
    getResultTBody: ({ testId, id, log, extras, resultsTableRow, tableHtml, result, collapsed }) => {
        const resultBody = templateResult.content.cloneNode(true)
        resultBody.querySelector('tbody').classList.add(result.toLowerCase())
        resultBody.querySelector('tbody').id = testId
        resultBody.querySelector('.collapsible').dataset.id = id

        resultsTableRow.forEach((html) => {
            const t = document.createElement('template')
            t.innerHTML = html
            resultBody.querySelector('.collapsible').appendChild(t.content)
        })

        if (log) {
            // Wrap lines starting with "E" with span.error to color those lines red
            const wrappedLog = log.replace(/^E.*$/gm, (match) => `<span class="error">${match}</span>`)
            resultBody.querySelector('.log').innerHTML = wrappedLog
        } else {
            resultBody.querySelector('.log').remove()
        }

        if (collapsed) {
            resultBody.querySelector('.collapsible > td')?.classList.add('collapsed')
            resultBody.querySelector('.extras-row').classList.add('hidden')
        } else {
            resultBody.querySelector('.collapsible > td')?.classList.remove('collapsed')
        }

        const media = []
        extras?.forEach(({ name, format_type, content }) => {
            if (['image', 'video'].includes(format_type)) {
                media.push({ path: content, name, format_type })
            }

            if (format_type === 'html') {
                resultBody.querySelector('.extraHTML').insertAdjacentHTML('beforeend', `<div>${content}</div>`)
            }
        })
        mediaViewer.setup(resultBody, media)

        // Add custom html from the pytest_html_results_table_html hook
        tableHtml?.forEach((item) => {
            resultBody.querySelector('td[class="extra"]').insertAdjacentHTML('beforeend', item)
        })

        return resultBody
    },
}

module.exports = {
    dom,
    htmlToElements,
    find,
    findAll,
}

},{"./mediaviewer.js":6}],3:[function(require,module,exports){
const { manager } = require('./datamanager.js')
const { doSort } = require('./sort.js')
const storageModule = require('./storage.js')

const getFilteredSubSet = (filter) =>
    manager.allData.tests.filter(({ result }) => filter.includes(result.toLowerCase()))

const doInitFilter = () => {
    const currentFilter = storageModule.getVisible()
    const filteredSubset = getFilteredSubSet(currentFilter)
    manager.setRender(filteredSubset)
}

const doFilter = (type, show) => {
    if (show) {
        storageModule.showCategory(type)
    } else {
        storageModule.hideCategory(type)
    }

    const currentFilter = storageModule.getVisible()
    const filteredSubset = getFilteredSubSet(currentFilter)
    manager.setRender(filteredSubset)

    const sortColumn = storageModule.getSort()
    doSort(sortColumn, true)
}

module.exports = {
    doFilter,
    doInitFilter,
}

},{"./datamanager.js":1,"./sort.js":7,"./storage.js":8}],4:[function(require,module,exports){
const { redraw, bindEvents, renderStatic } = require('./main.js')
const { doInitFilter } = require('./filter.js')
const { doInitSort } = require('./sort.js')
const { manager } = require('./datamanager.js')
const data = JSON.parse(document.getElementById('data-container').dataset.jsonblob)

function init() {
    manager.setManager(data)
    doInitFilter()
    doInitSort()
    renderStatic()
    redraw()
    bindEvents()
}

init()

},{"./datamanager.js":1,"./filter.js":3,"./main.js":5,"./sort.js":7}],5:[function(require,module,exports){
const { dom, find, findAll } = require('./dom.js')
const { manager } = require('./datamanager.js')
const { doSort } = require('./sort.js')
const { doFilter } = require('./filter.js')
const {
    getVisible,
    getCollapsedIds,
    setCollapsedIds,
    getSort,
    getSortDirection,
    possibleFilters,
} = require('./storage.js')

const removeChildren = (node) => {
    while (node.firstChild) {
        node.removeChild(node.firstChild)
    }
}

const renderStatic = () => {
    const renderEnvironmentTable = () => {
        const environment = manager.environment
        const rows = Object.keys(environment).map((key) => dom.getStaticRow(key, environment[key]))
        const table = document.getElementById('environment')
        removeChildren(table)
        rows.forEach((row) => table.appendChild(row))
    }
    renderEnvironmentTable()
}

const addItemToggleListener = (elem) => {
    elem.addEventListener('click', ({ target }) => {
        const id = target.parentElement.dataset.id
        manager.toggleCollapsedItem(id)

        const collapsedIds = getCollapsedIds()
        if (collapsedIds.includes(id)) {
            const updated = collapsedIds.filter((item) => item !== id)
            setCollapsedIds(updated)
        } else {
            collapsedIds.push(id)
            setCollapsedIds(collapsedIds)
        }
        redraw()
    })
}

const renderContent = (tests) => {
    const sortAttr = getSort(manager.initialSort)
    const sortAsc = JSON.parse(getSortDirection())
    const rows = tests.map(dom.getResultTBody)
    const table = document.getElementById('results-table')
    const tableHeader = document.getElementById('results-table-head')

    const newTable = document.createElement('table')
    newTable.id = 'results-table'

    // remove all sorting classes and set the relevant
    findAll('.sortable', tableHeader).forEach((elem) => elem.classList.remove('asc', 'desc'))
    tableHeader.querySelector(`.sortable[data-column-type="${sortAttr}"]`)?.classList.add(sortAsc ? 'desc' : 'asc')
    newTable.appendChild(tableHeader)

    if (!rows.length) {
        const emptyTable = document.getElementById('template_results-table__body--empty').content.cloneNode(true)
        newTable.appendChild(emptyTable)
    } else {
        rows.forEach((row) => {
            if (!!row) {
                findAll('.collapsible td:not(.col-links', row).forEach(addItemToggleListener)
                find('.logexpander', row).addEventListener('click',
                    (evt) => evt.target.parentNode.classList.toggle('expanded'),
                )
                newTable.appendChild(row)
            }
        })
    }

    table.replaceWith(newTable)
}

const renderDerived = () => {
    const currentFilter = getVisible()
    possibleFilters.forEach((result) => {
        const input = document.querySelector(`input[data-test-result="${result}"]`)
        input.checked = currentFilter.includes(result)
    })
}

const bindEvents = () => {
    const filterColumn = (evt) => {
        const { target: element } = evt
        const { testResult } = element.dataset

        doFilter(testResult, element.checked)
        const collapsedIds = getCollapsedIds()
        const updated = manager.renderData.tests.map((test) => {
            return {
                ...test,
                collapsed: collapsedIds.includes(test.id),
            }
        })
        manager.setRender(updated)
        redraw()
    }

    const header = document.getElementById('environment-header')
    header.addEventListener('click', () => {
        const table = document.getElementById('environment')
        table.classList.toggle('hidden')
        header.classList.toggle('collapsed')
    })

    findAll('input[name="filter_checkbox"]').forEach((elem) => {
        elem.addEventListener('click', filterColumn)
    })

    findAll('.sortable').forEach((elem) => {
        elem.addEventListener('click', (evt) => {
            const { target: element } = evt
            const { columnType } = element.dataset
            doSort(columnType)
            redraw()
        })
    })

    document.getElementById('show_all_details').addEventListener('click', () => {
        manager.allCollapsed = false
        setCollapsedIds([])
        redraw()
    })
    document.getElementById('hide_all_details').addEventListener('click', () => {
        manager.allCollapsed = true
        const allIds = manager.renderData.tests.map((test) => test.id)
        setCollapsedIds(allIds)
        redraw()
    })
}

const redraw = () => {
    const { testSubset } = manager

    renderContent(testSubset)
    renderDerived()
}

module.exports = {
    redraw,
    bindEvents,
    renderStatic,
}

},{"./datamanager.js":1,"./dom.js":2,"./filter.js":3,"./sort.js":7,"./storage.js":8}],6:[function(require,module,exports){
class MediaViewer {
    constructor(assets) {
        this.assets = assets
        this.index = 0
    }

    nextActive() {
        this.index = this.index === this.assets.length - 1 ? 0 : this.index + 1
        return [this.activeFile, this.index]
    }

    prevActive() {
        this.index = this.index === 0 ? this.assets.length - 1 : this.index -1
        return [this.activeFile, this.index]
    }

    get currentIndex() {
        return this.index
    }

    get activeFile() {
        return this.assets[this.index]
    }
}


const setup = (resultBody, assets) => {
    if (!assets.length) {
        resultBody.querySelector('.media').classList.add('hidden')
        return
    }

    const mediaViewer = new MediaViewer(assets)
    const container = resultBody.querySelector('.media-container')
    const leftArrow = resultBody.querySelector('.media-container__nav--left')
    const rightArrow = resultBody.querySelector('.media-container__nav--right')
    const mediaName = resultBody.querySelector('.media__name')
    const counter = resultBody.querySelector('.media__counter')
    const imageEl = resultBody.querySelector('img')
    const sourceEl = resultBody.querySelector('source')
    const videoEl = resultBody.querySelector('video')

    const setImg = (media, index) => {
        if (media?.format_type === 'image') {
            imageEl.src = media.path

            imageEl.classList.remove('hidden')
            videoEl.classList.add('hidden')
        } else if (media?.format_type === 'video') {
            sourceEl.src = media.path

            videoEl.classList.remove('hidden')
            imageEl.classList.add('hidden')
        }

        mediaName.innerText = media?.name
        counter.innerText = `${index + 1} / ${assets.length}`
    }
    setImg(mediaViewer.activeFile, mediaViewer.currentIndex)

    const moveLeft = () => {
        const [media, index] = mediaViewer.prevActive()
        setImg(media, index)
    }
    const doRight = () => {
        const [media, index] = mediaViewer.nextActive()
        setImg(media, index)
    }
    const openImg = () => {
        window.open(mediaViewer.activeFile.path, '_blank')
    }
    if (assets.length === 1) {
        container.classList.add('media-container--fullscreen')
    } else {
        leftArrow.addEventListener('click', moveLeft)
        rightArrow.addEventListener('click', doRight)
    }
    imageEl.addEventListener('click', openImg)
}

module.exports = {
    setup,
}

},{}],7:[function(require,module,exports){
const { manager } = require('./datamanager.js')
const storageModule = require('./storage.js')

const genericSort = (list, key, ascending, customOrder) => {
    let sorted
    if (customOrder) {
        sorted = list.sort((a, b) => {
            const aValue = a.result.toLowerCase()
            const bValue = b.result.toLowerCase()

            const aIndex = customOrder.findIndex((item) => item.toLowerCase() === aValue)
            const bIndex = customOrder.findIndex((item) => item.toLowerCase() === bValue)

            // Compare the indices to determine the sort order
            return aIndex - bIndex
        })
    } else {
        sorted = list.sort((a, b) => a[key] === b[key] ? 0 : a[key] > b[key] ? 1 : -1)
    }

    if (ascending) {
        sorted.reverse()
    }
    return sorted
}

const durationSort = (list, ascending) => {
    const parseDuration = (duration) => {
        if (duration.includes(':')) {
            // If it's in the format "HH:mm:ss"
            const [hours, minutes, seconds] = duration.split(':').map(Number)
            return (hours * 3600 + minutes * 60 + seconds) * 1000
        } else {
            // If it's in the format "nnn ms"
            return parseInt(duration)
        }
    }
    const sorted = list.sort((a, b) => parseDuration(a['duration']) - parseDuration(b['duration']))
    if (ascending) {
        sorted.reverse()
    }
    return sorted
}

const doInitSort = () => {
    const type = storageModule.getSort(manager.initialSort)
    const ascending = storageModule.getSortDirection()
    const list = manager.testSubset
    const initialOrder = ['Error', 'Failed', 'Rerun', 'XFailed', 'XPassed', 'Skipped', 'Passed']

    storageModule.setSort(type)
    storageModule.setSortDirection(ascending)

    if (type?.toLowerCase() === 'original') {
        manager.setRender(list)
    } else {
        let sortedList
        switch (type) {
        case 'duration':
            sortedList = durationSort(list, ascending)
            break
        case 'result':
            sortedList = genericSort(list, type, ascending, initialOrder)
            break
        default:
            sortedList = genericSort(list, type, ascending)
            break
        }
        manager.setRender(sortedList)
    }
}

const doSort = (type, skipDirection) => {
    const newSortType = storageModule.getSort(manager.initialSort) !== type
    const currentAsc = storageModule.getSortDirection()
    let ascending
    if (skipDirection) {
        ascending = currentAsc
    } else {
        ascending = newSortType ? false : !currentAsc
    }
    storageModule.setSort(type)
    storageModule.setSortDirection(ascending)

    const list = manager.testSubset
    const sortedList = type === 'duration' ? durationSort(list, ascending) : genericSort(list, type, ascending)
    manager.setRender(sortedList)
}

module.exports = {
    doInitSort,
    doSort,
}

},{"./datamanager.js":1,"./storage.js":8}],8:[function(require,module,exports){
const possibleFilters = [
    'passed',
    'skipped',
    'failed',
    'error',
    'xfailed',
    'xpassed',
    'rerun',
]

const getVisible = () => {
    const url = new URL(window.location.href)
    const settings = new URLSearchParams(url.search).get('visible')
    const lower = (item) => {
        const lowerItem = item.toLowerCase()
        if (possibleFilters.includes(lowerItem)) {
            return lowerItem
        }
        return null
    }
    return settings === null ?
        possibleFilters :
        [...new Set(settings?.split(',').map(lower).filter((item) => item))]
}

const hideCategory = (categoryToHide) => {
    const url = new URL(window.location.href)
    const visibleParams = new URLSearchParams(url.search).get('visible')
    const currentVisible = visibleParams ? visibleParams.split(',') : [...possibleFilters]
    const settings = [...new Set(currentVisible)].filter((f) => f !== categoryToHide).join(',')

    url.searchParams.set('visible', settings)
    window.history.pushState({}, null, unescape(url.href))
}

const showCategory = (categoryToShow) => {
    if (typeof window === 'undefined') {
        return
    }
    const url = new URL(window.location.href)
    const currentVisible = new URLSearchParams(url.search).get('visible')?.split(',').filter(Boolean) ||
        [...possibleFilters]
    const settings = [...new Set([categoryToShow, ...currentVisible])]
    const noFilter = possibleFilters.length === settings.length || !settings.length

    noFilter ? url.searchParams.delete('visible') : url.searchParams.set('visible', settings.join(','))
    window.history.pushState({}, null, unescape(url.href))
}

const getSort = (initialSort) => {
    const url = new URL(window.location.href)
    let sort = new URLSearchParams(url.search).get('sort')
    if (!sort) {
        sort = initialSort || 'result'
    }
    return sort
}

const setSort = (type) => {
    const url = new URL(window.location.href)
    url.searchParams.set('sort', type)
    window.history.pushState({}, null, unescape(url.href))
}

const getCollapsedCategory = (renderCollapsed) => {
    let categories
    if (typeof window !== 'undefined') {
        const url = new URL(window.location.href)
        const collapsedItems = new URLSearchParams(url.search).get('collapsed')
        switch (true) {
        case !renderCollapsed && collapsedItems === null:
            categories = ['passed']
            break
        case collapsedItems?.length === 0 || /^["']{2}$/.test(collapsedItems):
            categories = []
            break
        case /^all$/.test(collapsedItems) || collapsedItems === null && /^all$/.test(renderCollapsed):
            categories = [...possibleFilters]
            break
        default:
            categories = collapsedItems?.split(',').map((item) => item.toLowerCase()) || renderCollapsed
            break
        }
    } else {
        categories = []
    }
    return categories
}

const getSortDirection = () => JSON.parse(sessionStorage.getItem('sortAsc')) || false
const setSortDirection = (ascending) => sessionStorage.setItem('sortAsc', ascending)

const getCollapsedIds = () => JSON.parse(sessionStorage.getItem('collapsedIds')) || []
const setCollapsedIds = (list) => sessionStorage.setItem('collapsedIds', JSON.stringify(list))

module.exports = {
    getVisible,
    hideCategory,
    showCategory,
    getCollapsedIds,
    setCollapsedIds,
    getSort,
    setSort,
    getSortDirection,
    setSortDirection,
    getCollapsedCategory,
    possibleFilters,
}

},{}]},{},[4]);
    </script>
  </footer>
</html>